Compiling the C compiler identification source file "CMakeCCompilerId.c" failed.
Compiler: /Library/Developer/CommandLineTools/usr/bin/cc 
Build flags: 
Id flags:  

The output was:
1
ld: library not found for -lSystem
clang: error: linker command failed with exit code 1 (use -v to see invocation)


Compiling the CXX compiler identification source file "CMakeCXXCompilerId.cpp" failed.
Compiler: /Library/Developer/CommandLineTools/usr/bin/c++ 
Build flags: 
Id flags:  

The output was:
1
ld: library not found for -lc++
clang: error: linker command failed with exit code 1 (use -v to see invocation)


Detecting C OpenMP failed with the following output:
Change Dir: /Users/selaroach/Desktop/cs184/flann/cmake-build-debug/CMakeFiles/CMakeTmp

Run Build Command(s):/Applications/CLion.app/Contents/bin/ninja/mac/ninja cmTC_d9724 && [1/2] Building C object CMakeFiles/cmTC_d9724.dir/OpenMPTryFlag.c.o
FAILED: CMakeFiles/cmTC_d9724.dir/OpenMPTryFlag.c.o 
/Library/Developer/CommandLineTools/usr/bin/cc   -fopenmp=libomp -v -isysroot /Library/Developer/CommandLineTools/SDKs/MacOSX13.1.sdk -fcolor-diagnostics -MD -MT CMakeFiles/cmTC_d9724.dir/OpenMPTryFlag.c.o -MF CMakeFiles/cmTC_d9724.dir/OpenMPTryFlag.c.o.d -o CMakeFiles/cmTC_d9724.dir/OpenMPTryFlag.c.o -c /Users/selaroach/Desktop/cs184/flann/cmake-build-debug/CMakeFiles/FindOpenMP/OpenMPTryFlag.c
Apple clang version 14.0.0 (clang-1400.0.29.202)
Target: x86_64-apple-darwin22.3.0
Thread model: posix
InstalledDir: /Library/Developer/CommandLineTools/usr/bin
clang: error: unsupported argument 'libomp' to option 'fopenmp='
ninja: build stopped: subcommand failed.



Detecting C OpenMP failed with the following output:
Change Dir: /Users/selaroach/Desktop/cs184/flann/cmake-build-debug/CMakeFiles/CMakeTmp

Run Build Command(s):/Applications/CLion.app/Contents/bin/ninja/mac/ninja cmTC_2ca71 && [1/2] Building C object CMakeFiles/cmTC_2ca71.dir/OpenMPTryFlag.c.o
FAILED: CMakeFiles/cmTC_2ca71.dir/OpenMPTryFlag.c.o 
/Library/Developer/CommandLineTools/usr/bin/cc   -fopenmp=libiomp5 -v -isysroot /Library/Developer/CommandLineTools/SDKs/MacOSX13.1.sdk -fcolor-diagnostics -MD -MT CMakeFiles/cmTC_2ca71.dir/OpenMPTryFlag.c.o -MF CMakeFiles/cmTC_2ca71.dir/OpenMPTryFlag.c.o.d -o CMakeFiles/cmTC_2ca71.dir/OpenMPTryFlag.c.o -c /Users/selaroach/Desktop/cs184/flann/cmake-build-debug/CMakeFiles/FindOpenMP/OpenMPTryFlag.c
Apple clang version 14.0.0 (clang-1400.0.29.202)
Target: x86_64-apple-darwin22.3.0
Thread model: posix
InstalledDir: /Library/Developer/CommandLineTools/usr/bin
clang: error: unsupported argument 'libiomp5' to option 'fopenmp='
ninja: build stopped: subcommand failed.



Detecting C OpenMP failed with the following output:
Change Dir: /Users/selaroach/Desktop/cs184/flann/cmake-build-debug/CMakeFiles/CMakeTmp

Run Build Command(s):/Applications/CLion.app/Contents/bin/ninja/mac/ninja cmTC_9b7dc && [1/2] Building C object CMakeFiles/cmTC_9b7dc.dir/OpenMPTryFlag.c.o
FAILED: CMakeFiles/cmTC_9b7dc.dir/OpenMPTryFlag.c.o 
/Library/Developer/CommandLineTools/usr/bin/cc   -fopenmp -v -isysroot /Library/Developer/CommandLineTools/SDKs/MacOSX13.1.sdk -fcolor-diagnostics -MD -MT CMakeFiles/cmTC_9b7dc.dir/OpenMPTryFlag.c.o -MF CMakeFiles/cmTC_9b7dc.dir/OpenMPTryFlag.c.o.d -o CMakeFiles/cmTC_9b7dc.dir/OpenMPTryFlag.c.o -c /Users/selaroach/Desktop/cs184/flann/cmake-build-debug/CMakeFiles/FindOpenMP/OpenMPTryFlag.c
Apple clang version 14.0.0 (clang-1400.0.29.202)
Target: x86_64-apple-darwin22.3.0
Thread model: posix
InstalledDir: /Library/Developer/CommandLineTools/usr/bin
clang: error: unsupported option '-fopenmp'
ninja: build stopped: subcommand failed.



Detecting C OpenMP failed with the following output:
Change Dir: /Users/selaroach/Desktop/cs184/flann/cmake-build-debug/CMakeFiles/CMakeTmp

Run Build Command(s):/Applications/CLion.app/Contents/bin/ninja/mac/ninja cmTC_adaef && [1/2] Building C object CMakeFiles/cmTC_adaef.dir/OpenMPTryFlag.c.o
FAILED: CMakeFiles/cmTC_adaef.dir/OpenMPTryFlag.c.o 
/Library/Developer/CommandLineTools/usr/bin/cc   -Xclang -fopenmp -v -isysroot /Library/Developer/CommandLineTools/SDKs/MacOSX13.1.sdk -fcolor-diagnostics -MD -MT CMakeFiles/cmTC_adaef.dir/OpenMPTryFlag.c.o -MF CMakeFiles/cmTC_adaef.dir/OpenMPTryFlag.c.o.d -o CMakeFiles/cmTC_adaef.dir/OpenMPTryFlag.c.o -c /Users/selaroach/Desktop/cs184/flann/cmake-build-debug/CMakeFiles/FindOpenMP/OpenMPTryFlag.c
Apple clang version 14.0.0 (clang-1400.0.29.202)
Target: x86_64-apple-darwin22.3.0
Thread model: posix
InstalledDir: /Library/Developer/CommandLineTools/usr/bin
 "/Library/Developer/CommandLineTools/usr/bin/clang" -cc1 -triple x86_64-apple-macosx13.0.0 -Wundef-prefix=TARGET_OS_ -Wdeprecated-objc-isa-usage -Werror=deprecated-objc-isa-usage -Werror=implicit-function-declaration -emit-obj -mrelax-all --mrelax-relocations -disable-free -clear-ast-before-backend -disable-llvm-verifier -discard-value-names -main-file-name OpenMPTryFlag.c -mrelocation-model pic -pic-level 2 -mframe-pointer=all -fno-strict-return -fno-rounding-math -funwind-tables=2 -target-sdk-version=13.1 -fvisibility-inlines-hidden-static-local-var -target-cpu penryn -tune-cpu generic -debugger-tuning=lldb -target-linker-version 820.1 -v -resource-dir /Library/Developer/CommandLineTools/usr/lib/clang/14.0.0 -dependency-file CMakeFiles/cmTC_adaef.dir/OpenMPTryFlag.c.o.d -skip-unused-modulemap-deps -MT CMakeFiles/cmTC_adaef.dir/OpenMPTryFlag.c.o -sys-header-deps -isysroot /Library/Developer/CommandLineTools/SDKs/MacOSX13.1.sdk -internal-isystem /Library/Developer/CommandLineTools/SDKs/MacOSX13.1.sdk/usr/local/include -internal-isystem /Library/Developer/CommandLineTools/usr/lib/clang/14.0.0/include -internal-externc-isystem /Library/Developer/CommandLineTools/SDKs/MacOSX13.1.sdk/usr/include -internal-externc-isystem /Library/Developer/CommandLineTools/usr/include -Wno-reorder-init-list -Wno-implicit-int-float-conversion -Wno-c99-designator -Wno-final-dtor-non-final-class -Wno-extra-semi-stmt -Wno-misleading-indentation -Wno-quoted-include-in-framework-header -Wno-implicit-fallthrough -Wno-enum-enum-conversion -Wno-enum-float-conversion -Wno-elaborated-enum-base -Wno-reserved-identifier -Wno-gnu-folding-constant -Wno-cast-function-type -Wno-bitwise-instead-of-logical -fdebug-compilation-dir=/Users/selaroach/Desktop/cs184/flann/cmake-build-debug/CMakeFiles/CMakeTmp -ferror-limit 19 -stack-protector 1 -fstack-check -mdarwin-stkchk-strong-link -fblocks -fencode-extended-block-signature -fregister-global-dtors-with-atexit -fgnuc-version=4.2.1 -fmax-type-align=16 -fcommon -fcolor-diagnostics -fopenmp -clang-vendor-feature=+messageToSelfInClassMethodIdReturnType -clang-vendor-feature=+disableInferNewAvailabilityFromInit -clang-vendor-feature=+disableNonDependentMemberExprInCurrentInstantiation -fno-odr-hash-protocols -clang-vendor-feature=+enableAggressiveVLAFolding -clang-vendor-feature=+revert09abecef7bbf -clang-vendor-feature=+thisNoAlignAttr -clang-vendor-feature=+thisNoNullAttr -mllvm -disable-aligned-alloc-awareness=1 -D__GCC_HAVE_DWARF2_CFI_ASM=1 -o CMakeFiles/cmTC_adaef.dir/OpenMPTryFlag.c.o -x c /Users/selaroach/Desktop/cs184/flann/cmake-build-debug/CMakeFiles/FindOpenMP/OpenMPTryFlag.c
clang -cc1 version 14.0.0 (clang-1400.0.29.202) default target x86_64-apple-darwin22.3.0
ignoring nonexistent directory "/Library/Developer/CommandLineTools/SDKs/MacOSX13.1.sdk/usr/local/include"
ignoring nonexistent directory "/Library/Developer/CommandLineTools/SDKs/MacOSX13.1.sdk/Library/Frameworks"
#include "..." search starts here:
#include <...> search starts here:
 /Library/Developer/CommandLineTools/usr/lib/clang/14.0.0/include
 /Library/Developer/CommandLineTools/SDKs/MacOSX13.1.sdk/usr/include
 /Library/Developer/CommandLineTools/usr/include
 /Library/Developer/CommandLineTools/SDKs/MacOSX13.1.sdk/System/Library/Frameworks (framework directory)
End of search list.
/Users/selaroach/Desktop/cs184/flann/cmake-build-debug/CMakeFiles/FindOpenMP/OpenMPTryFlag.c:2:10: fatal error: 'omp.h' file not found
#include <omp.h>
         ^~~~~~~
1 error generated.
ninja: build stopped: subcommand failed.



Detecting CXX OpenMP failed with the following output:
Change Dir: /Users/selaroach/Desktop/cs184/flann/cmake-build-debug/CMakeFiles/CMakeTmp

Run Build Command(s):/Applications/CLion.app/Contents/bin/ninja/mac/ninja cmTC_a7da1 && [1/2] Building CXX object CMakeFiles/cmTC_a7da1.dir/OpenMPTryFlag.cpp.o
FAILED: CMakeFiles/cmTC_a7da1.dir/OpenMPTryFlag.cpp.o 
/Library/Developer/CommandLineTools/usr/bin/c++   -fopenmp=libomp -v -isysroot /Library/Developer/CommandLineTools/SDKs/MacOSX13.1.sdk -fcolor-diagnostics -MD -MT CMakeFiles/cmTC_a7da1.dir/OpenMPTryFlag.cpp.o -MF CMakeFiles/cmTC_a7da1.dir/OpenMPTryFlag.cpp.o.d -o CMakeFiles/cmTC_a7da1.dir/OpenMPTryFlag.cpp.o -c /Users/selaroach/Desktop/cs184/flann/cmake-build-debug/CMakeFiles/FindOpenMP/OpenMPTryFlag.cpp
Apple clang version 14.0.0 (clang-1400.0.29.202)
Target: x86_64-apple-darwin22.3.0
Thread model: posix
InstalledDir: /Library/Developer/CommandLineTools/usr/bin
clang: error: unsupported argument 'libomp' to option 'fopenmp='
ninja: build stopped: subcommand failed.



Detecting CXX OpenMP failed with the following output:
Change Dir: /Users/selaroach/Desktop/cs184/flann/cmake-build-debug/CMakeFiles/CMakeTmp

Run Build Command(s):/Applications/CLion.app/Contents/bin/ninja/mac/ninja cmTC_5282d && [1/2] Building CXX object CMakeFiles/cmTC_5282d.dir/OpenMPTryFlag.cpp.o
FAILED: CMakeFiles/cmTC_5282d.dir/OpenMPTryFlag.cpp.o 
/Library/Developer/CommandLineTools/usr/bin/c++   -fopenmp=libiomp5 -v -isysroot /Library/Developer/CommandLineTools/SDKs/MacOSX13.1.sdk -fcolor-diagnostics -MD -MT CMakeFiles/cmTC_5282d.dir/OpenMPTryFlag.cpp.o -MF CMakeFiles/cmTC_5282d.dir/OpenMPTryFlag.cpp.o.d -o CMakeFiles/cmTC_5282d.dir/OpenMPTryFlag.cpp.o -c /Users/selaroach/Desktop/cs184/flann/cmake-build-debug/CMakeFiles/FindOpenMP/OpenMPTryFlag.cpp
Apple clang version 14.0.0 (clang-1400.0.29.202)
Target: x86_64-apple-darwin22.3.0
Thread model: posix
InstalledDir: /Library/Developer/CommandLineTools/usr/bin
clang: error: unsupported argument 'libiomp5' to option 'fopenmp='
ninja: build stopped: subcommand failed.



Detecting CXX OpenMP failed with the following output:
Change Dir: /Users/selaroach/Desktop/cs184/flann/cmake-build-debug/CMakeFiles/CMakeTmp

Run Build Command(s):/Applications/CLion.app/Contents/bin/ninja/mac/ninja cmTC_cccbf && [1/2] Building CXX object CMakeFiles/cmTC_cccbf.dir/OpenMPTryFlag.cpp.o
FAILED: CMakeFiles/cmTC_cccbf.dir/OpenMPTryFlag.cpp.o 
/Library/Developer/CommandLineTools/usr/bin/c++   -fopenmp -v -isysroot /Library/Developer/CommandLineTools/SDKs/MacOSX13.1.sdk -fcolor-diagnostics -MD -MT CMakeFiles/cmTC_cccbf.dir/OpenMPTryFlag.cpp.o -MF CMakeFiles/cmTC_cccbf.dir/OpenMPTryFlag.cpp.o.d -o CMakeFiles/cmTC_cccbf.dir/OpenMPTryFlag.cpp.o -c /Users/selaroach/Desktop/cs184/flann/cmake-build-debug/CMakeFiles/FindOpenMP/OpenMPTryFlag.cpp
Apple clang version 14.0.0 (clang-1400.0.29.202)
Target: x86_64-apple-darwin22.3.0
Thread model: posix
InstalledDir: /Library/Developer/CommandLineTools/usr/bin
clang: error: unsupported option '-fopenmp'
ninja: build stopped: subcommand failed.



Detecting CXX OpenMP failed with the following output:
Change Dir: /Users/selaroach/Desktop/cs184/flann/cmake-build-debug/CMakeFiles/CMakeTmp

Run Build Command(s):/Applications/CLion.app/Contents/bin/ninja/mac/ninja cmTC_1ea9c && [1/2] Building CXX object CMakeFiles/cmTC_1ea9c.dir/OpenMPTryFlag.cpp.o
FAILED: CMakeFiles/cmTC_1ea9c.dir/OpenMPTryFlag.cpp.o 
/Library/Developer/CommandLineTools/usr/bin/c++   -Xclang -fopenmp -v -isysroot /Library/Developer/CommandLineTools/SDKs/MacOSX13.1.sdk -fcolor-diagnostics -MD -MT CMakeFiles/cmTC_1ea9c.dir/OpenMPTryFlag.cpp.o -MF CMakeFiles/cmTC_1ea9c.dir/OpenMPTryFlag.cpp.o.d -o CMakeFiles/cmTC_1ea9c.dir/OpenMPTryFlag.cpp.o -c /Users/selaroach/Desktop/cs184/flann/cmake-build-debug/CMakeFiles/FindOpenMP/OpenMPTryFlag.cpp
Apple clang version 14.0.0 (clang-1400.0.29.202)
Target: x86_64-apple-darwin22.3.0
Thread model: posix
InstalledDir: /Library/Developer/CommandLineTools/usr/bin
 "/Library/Developer/CommandLineTools/usr/bin/clang" -cc1 -triple x86_64-apple-macosx13.0.0 -Wundef-prefix=TARGET_OS_ -Wdeprecated-objc-isa-usage -Werror=deprecated-objc-isa-usage -Werror=implicit-function-declaration -emit-obj -mrelax-all --mrelax-relocations -disable-free -clear-ast-before-backend -disable-llvm-verifier -discard-value-names -main-file-name OpenMPTryFlag.cpp -mrelocation-model pic -pic-level 2 -mframe-pointer=all -fno-strict-return -fno-rounding-math -funwind-tables=2 -target-sdk-version=13.1 -fvisibility-inlines-hidden-static-local-var -target-cpu penryn -tune-cpu generic -debugger-tuning=lldb -target-linker-version 820.1 -v -resource-dir /Library/Developer/CommandLineTools/usr/lib/clang/14.0.0 -dependency-file CMakeFiles/cmTC_1ea9c.dir/OpenMPTryFlag.cpp.o.d -skip-unused-modulemap-deps -MT CMakeFiles/cmTC_1ea9c.dir/OpenMPTryFlag.cpp.o -sys-header-deps -isysroot /Library/Developer/CommandLineTools/SDKs/MacOSX13.1.sdk -stdlib=libc++ -internal-isystem /Library/Developer/CommandLineTools/SDKs/MacOSX13.1.sdk/usr/include/c++/v1 -internal-isystem /Library/Developer/CommandLineTools/SDKs/MacOSX13.1.sdk/usr/local/include -internal-isystem /Library/Developer/CommandLineTools/usr/lib/clang/14.0.0/include -internal-externc-isystem /Library/Developer/CommandLineTools/SDKs/MacOSX13.1.sdk/usr/include -internal-externc-isystem /Library/Developer/CommandLineTools/usr/include -Wno-reorder-init-list -Wno-implicit-int-float-conversion -Wno-c99-designator -Wno-final-dtor-non-final-class -Wno-extra-semi-stmt -Wno-misleading-indentation -Wno-quoted-include-in-framework-header -Wno-implicit-fallthrough -Wno-enum-enum-conversion -Wno-enum-float-conversion -Wno-elaborated-enum-base -Wno-reserved-identifier -Wno-gnu-folding-constant -Wno-cast-function-type -Wno-bitwise-instead-of-logical -fdeprecated-macro -fdebug-compilation-dir=/Users/selaroach/Desktop/cs184/flann/cmake-build-debug/CMakeFiles/CMakeTmp -ferror-limit 19 -stack-protector 1 -fstack-check -mdarwin-stkchk-strong-link -fblocks -fencode-extended-block-signature -fregister-global-dtors-with-atexit -fgnuc-version=4.2.1 -fno-cxx-modules -fcxx-exceptions -fexceptions -fmax-type-align=16 -fcommon -fcolor-diagnostics -fopenmp -clang-vendor-feature=+messageToSelfInClassMethodIdReturnType -clang-vendor-feature=+disableInferNewAvailabilityFromInit -clang-vendor-feature=+disableNonDependentMemberExprInCurrentInstantiation -fno-odr-hash-protocols -clang-vendor-feature=+enableAggressiveVLAFolding -clang-vendor-feature=+revert09abecef7bbf -clang-vendor-feature=+thisNoAlignAttr -clang-vendor-feature=+thisNoNullAttr -mllvm -disable-aligned-alloc-awareness=1 -D__GCC_HAVE_DWARF2_CFI_ASM=1 -o CMakeFiles/cmTC_1ea9c.dir/OpenMPTryFlag.cpp.o -x c++ /Users/selaroach/Desktop/cs184/flann/cmake-build-debug/CMakeFiles/FindOpenMP/OpenMPTryFlag.cpp
clang -cc1 version 14.0.0 (clang-1400.0.29.202) default target x86_64-apple-darwin22.3.0
ignoring nonexistent directory "/Library/Developer/CommandLineTools/SDKs/MacOSX13.1.sdk/usr/local/include"
ignoring nonexistent directory "/Library/Developer/CommandLineTools/SDKs/MacOSX13.1.sdk/Library/Frameworks"
#include "..." search starts here:
#include <...> search starts here:
 /Library/Developer/CommandLineTools/SDKs/MacOSX13.1.sdk/usr/include/c++/v1
 /Library/Developer/CommandLineTools/usr/lib/clang/14.0.0/include
 /Library/Developer/CommandLineTools/SDKs/MacOSX13.1.sdk/usr/include
 /Library/Developer/CommandLineTools/usr/include
 /Library/Developer/CommandLineTools/SDKs/MacOSX13.1.sdk/System/Library/Frameworks (framework directory)
End of search list.
/Users/selaroach/Desktop/cs184/flann/cmake-build-debug/CMakeFiles/FindOpenMP/OpenMPTryFlag.cpp:2:10: fatal error: 'omp.h' file not found
#include <omp.h>
         ^~~~~~~
1 error generated.
ninja: build stopped: subcommand failed.



